<?xml version="1.0" encoding="UTF-8"?>
<!-- Generated by org.testng.reporters.JUnitReportReporter -->
<testsuite hostname="DESKTOP-QGM93BL" failures="0" tests="1" name="GitTestForGenkins.LaunchingBrowser" time="16.212" errors="0" timestamp="2 Jan 2022 09:09:15 GMT">
  <testcase classname="GitTestForGenkins.LaunchingBrowser" name="launchbrowser" time="16.212"/>
</testsuite> <!-- GitTestForGenkins.LaunchingBrowser -->
